==============================================================================
Interaction-free fragrance dupe-retrieval benchmark
==============================================================================
pool (products)   : 340
labeled queries   : 209
shared accords    : 56
------------------------------------------------------------------------------
[leakage audit] 32/340 products contain a distinctive token of their own global name in meaning/visual text.
    - #3 'Spicy Day' (dupe of 'Gold Incense by Carolina herera confidential collection') leaks ['incense']
    - #66 'Bosa Nova' (dupe of 'Jo Malone English Pear') leaks ['pear']
    - #67 'Victory' (dupe of 'Gucci Floral') leaks ['floral']
    - #83 'cinnabar' (dupe of 'Mancera oud lemon mmint') leaks ['lemon']
    - #141 'In The Groove' (dupe of 'Jaguar green colour') leaks ['green']
    - #150 'Forest' (dupe of 'bulgari omnia green jade') leaks ['green']
    - #151 'Mighty' (dupe of 'The Matcha 26 Le Labo') leaks ['matcha']
    - #152 'Fresh Matcha' (dupe of 'Green Tea Elizabeth Arden for women') leaks ['green']
    - #155 'Man in Green' (dupe of 'Ralph Lauren Polo Green') leaks ['green']
    - #159 'Black Ford' (dupe of 'Tomford Ombre Leather') leaks ['leather']
    - #161 'Secret Code' (dupe of 'Black Saffron By Byredo') leaks ['saffron']
    - #165 'silk safron' (dupe of 'Black Saffron By Byredo') leaks ['saffron']
    - #171 'Blue Black' (dupe of 'Body Shop White Musk') leaks ['musk']
    - #191 'Bidden Rose' (dupe of 'Aoud & vanilla by mancera') leaks ['vanilla']
    - #195 'Pixie Petals' (dupe of 'Paco Olympea Floral') leaks ['floral']
    - #196 'Rosella' (dupe of 'Bulgari Rose Woman') leaks ['rose']
    - #200 'Bright Sunshine' (dupe of 'Miss Dior Rose n Roses') leaks ['rose']
    - #201 'Truly' (dupe of 'Montale rose musk') leaks ['rose']
    - #204 'Charmile' (dupe of 'Byredo Rose Noir') leaks ['rose']
    - #206 'Green Steam' (dupe of 'Louis Vuitton Rose des Vent') leaks ['rose']
    ... and 12 more
[leakage audit] such tokens are stripped from text handed to B4 (S-BERT).
[diagnostic] accord containment: on average 86% of a dupe's accords are contained in its global's accord list (artifact => raw overlap is near-circular; IDF weighting + tie-correct ranking are required).
------------------------------------------------------------------------------
running B1_jaccard ...
running B2_tfidf_cos ...
running B3_bm25 ...
running B4_sbert ...
Warning: You are sending unauthenticated requests to the HF Hub. Please set a HF_TOKEN to enable higher rate limits and faster downloads.
Loading weights:   0%|          | 0/199 [00:00<?, ?it/s]Loading weights: 100%|##########| 199/199 [00:00<00:00, 4303.38it/s]
running B5_word2vec ...
running B6_node2vec ...
running A1_wheel_treeW ...
running A2_ppmi_svd ...
running A3_signature ...
running A4_bigram_salience ...
running A5_bilinear ...
running A6_gbm_fusion ...
running P1_order2 ...
running P2_fusion ...
running P3_hubidf ...

==============================================================================
method                tier                 MRR      Hits@1      Hits@3
------------------------------------------------------------------------------
B1_jaccard            T1 baseline        0.428       0.303       0.487
B2_tfidf_cos          T1 baseline        0.454       0.335       0.507
B3_bm25               T1 baseline        0.388       0.278       0.433
B4_sbert              T1 baseline        0.272       0.163       0.311
B5_word2vec           T1 baseline        0.185       0.110       0.182   (std 0.011)
B6_node2vec           T1 baseline        0.340       0.233       0.371   (std 0.013)
A1_wheel_treeW        T2 structure       0.284       0.174       0.306
A2_ppmi_svd           T2 structure       0.443       0.343       0.498   (std 0.001)
A3_signature          T2 structure       0.433       0.303       0.500   (std 0.005)
A4_bigram_salience    T2 structure       0.139       0.060       0.145   (std 0.012)
A5_bilinear           T2 structure       0.150       0.072       0.150   (std 0.027)
A6_gbm_fusion         T2 structure       0.457       0.325       0.533   (std 0.010)
P1_order2             T3 proposed        0.496       0.378       0.562
P2_fusion             T3 proposed        0.500       0.379       0.580   (std 0.003)
P3_hubidf             T3 proposed        0.448       0.335       0.490
==============================================================================

Significance: P1_order2 vs each baseline (Wilcoxon paired RR; bootstrap 95% CI delta-MRR)
------------------------------------------------------------------------------
baseline                   dMRR    CI low   CI high    Wilcoxon p
B1_jaccard                0.069     0.040     0.099      6.61e-03
B2_tfidf_cos              0.042     0.019     0.066      8.68e-08
B3_bm25                   0.108     0.076     0.143      8.29e-12
B4_sbert                  0.225     0.166     0.283      1.63e-11
B5_word2vec               0.294     0.233     0.354      2.02e-16
B6_node2vec               0.181     0.131     0.232      2.65e-11
A1_wheel_treeW            0.213     0.158     0.268      3.88e-13
A2_ppmi_svd               0.054     0.011     0.099      3.93e-03
A3_signature              0.066     0.039     0.092      5.70e-08
A4_bigram_salience        0.367     0.309     0.426      2.68e-21
A5_bilinear               0.332     0.275     0.390      2.47e-21
A6_gbm_fusion             0.052     0.017     0.087      2.29e-02
P2_fusion                -0.005    -0.020     0.011      1.80e-01
P3_hubidf                 0.049     0.025     0.073      6.17e-10

Significance: P2_fusion vs each baseline (Wilcoxon paired RR; bootstrap 95% CI delta-MRR)
------------------------------------------------------------------------------
baseline                   dMRR    CI low   CI high    Wilcoxon p
B1_jaccard                0.074     0.045     0.103      2.67e-03
B2_tfidf_cos              0.047     0.019     0.076      1.28e-05
B3_bm25                   0.113     0.076     0.152      4.88e-10
B4_sbert                  0.230     0.171     0.287      7.71e-12
B5_word2vec               0.299     0.238     0.358      1.11e-16
B6_node2vec               0.186     0.138     0.237      1.09e-11
A1_wheel_treeW            0.218     0.165     0.272      1.79e-13
A2_ppmi_svd               0.059     0.017     0.103      5.17e-03
A3_signature              0.071     0.041     0.101      2.44e-07
A4_bigram_salience        0.372     0.313     0.432      7.08e-22
A5_bilinear               0.337     0.277     0.397      1.94e-20
A6_gbm_fusion             0.057     0.022     0.093      7.13e-03
P1_order2                 0.005    -0.011     0.020      1.80e-01
P3_hubidf                 0.054     0.025     0.082      3.05e-07

------------------------------------------------------------------------------
P1 decomposition: order-2 (co-occurrence) contributes on average 81.3% of the top-ranked score (order-1 marginal: 18.7%).
------------------------------------------------------------------------------

Wrote D:\Azam\MTI\TESIS\new\fix\results\results.csv and D:\Azam\MTI\TESIS\new\fix\results\significance.csv
